mode: set
golangprog/rest_api-mysql/CRUD/store/store_crud.go:23.51,27.10 3 1
golangprog/rest_api-mysql/CRUD/store/store_crud.go:31.2,32.14 2 1
golangprog/rest_api-mysql/CRUD/store/store_crud.go:37.2,39.17 2 1
golangprog/rest_api-mysql/CRUD/store/store_crud.go:48.2,50.18 2 1
golangprog/rest_api-mysql/CRUD/store/store_crud.go:27.10,29.3 1 1
golangprog/rest_api-mysql/CRUD/store/store_crud.go:32.14,35.3 2 1
golangprog/rest_api-mysql/CRUD/store/store_crud.go:39.17,42.73 2 1
golangprog/rest_api-mysql/CRUD/store/store_crud.go:42.73,44.4 1 0
golangprog/rest_api-mysql/CRUD/store/store_crud.go:55.55,58.13 2 1
golangprog/rest_api-mysql/CRUD/store/store_crud.go:61.2,61.17 1 1
golangprog/rest_api-mysql/CRUD/store/store_crud.go:58.13,60.3 1 1
golangprog/rest_api-mysql/CRUD/store/store_crud.go:64.54,66.16 2 1
golangprog/rest_api-mysql/CRUD/store/store_crud.go:69.2,69.12 1 1
golangprog/rest_api-mysql/CRUD/store/store_crud.go:66.16,68.3 1 1
golangprog/rest_api-mysql/CRUD/store/store_crud.go:73.42,75.13 1 1
golangprog/rest_api-mysql/CRUD/store/store_crud.go:78.2,79.13 2 1
golangprog/rest_api-mysql/CRUD/store/store_crud.go:83.2,85.12 2 1
golangprog/rest_api-mysql/CRUD/store/store_crud.go:75.13,77.3 1 1
golangprog/rest_api-mysql/CRUD/store/store_crud.go:79.13,81.3 1 1
